This file contains any messages produced by compilers while
running configure, to aid debugging if configure makes a mistake.

It was created by pursuit_package configure 0.8.0, which was
generated by GNU Autoconf 2.59.  Invocation command line was

  $ ./configure 

## --------- ##
## Platform. ##
## --------- ##

hostname = localhost.localdomain
uname -m = i686
uname -r = 2.6.27.5-37.fc9.i686
uname -s = Linux
uname -v = #1 SMP Wed Nov 12 18:56:28 EST 2008

/usr/bin/uname -p = unknown
/bin/uname -X     = unknown

/bin/arch              = i686
/usr/bin/arch -k       = unknown
/usr/convex/getsysinfo = unknown
hostinfo               = unknown
/bin/machine           = unknown
/usr/bin/oslevel       = unknown
/bin/universe          = unknown

PATH: /usr/lib/qt-3.3/bin
PATH: /usr/kerberos/bin
PATH: /usr/local/bin
PATH: /usr/bin
PATH: /bin
PATH: /home/poude/bin


## ----------- ##
## Core tests. ##
## ----------- ##

configure:1279: checking for a BSD-compatible install
configure:1334: result: /usr/bin/install -c
configure:1345: checking whether build environment is sane
configure:1388: result: yes
configure:1421: checking for gawk
configure:1437: found /usr/bin/gawk
configure:1447: result: gawk
configure:1457: checking whether make sets $(MAKE)
configure:1477: result: yes
configure:1646: checking whether make sets $(MAKE)
configure:1666: result: yes
configure:1804: creating ./config.status

## ---------------------- ##
## Running config.status. ##
## ---------------------- ##

This file was extended by pursuit_package config.status 0.8.0, which was
generated by GNU Autoconf 2.59.  Invocation command line was

  CONFIG_FILES    = 
  CONFIG_HEADERS  = 
  CONFIG_LINKS    = 
  CONFIG_COMMANDS = 
  $ ./config.status 

on localhost.localdomain

config.status:649: creating Makefile
configure:2649: configuring in pursuitbase
configure:2766: running /bin/sh './configure' --prefix=/usr/local  --cache-file=/dev/null --srcdir=.
configure:2649: configuring in pursuit
configure:2766: running /bin/sh './configure' --prefix=/usr/local  --cache-file=/dev/null --srcdir=.
configure:2649: configuring in monitor
configure:2766: running /bin/sh './configure' --prefix=/usr/local  --cache-file=/dev/null --srcdir=.
configure:2649: configuring in logplayer
configure:2766: running /bin/sh './configure' --prefix=/usr/local  --cache-file=/dev/null --srcdir=.
configure:2649: configuring in skeletons
configure:2766: running /bin/sh './configure' --prefix=/usr/local  --cache-file=/dev/null --srcdir=.

## ---------------- ##
## Cache variables. ##
## ---------------- ##

ac_cv_env_build_alias_set=
ac_cv_env_build_alias_value=
ac_cv_env_host_alias_set=
ac_cv_env_host_alias_value=
ac_cv_env_target_alias_set=
ac_cv_env_target_alias_value=
ac_cv_path_install='/usr/bin/install -c'
ac_cv_prog_AWK=gawk
ac_cv_prog_make_make_set=yes

## ----------------- ##
## Output variables. ##
## ----------------- ##

ACLOCAL='${SHELL} /home/poude/src/pursuit_package-0.9/missing --run aclocal-1.7'
AMTAR='${SHELL} /home/poude/src/pursuit_package-0.9/missing --run tar'
AUTOCONF='${SHELL} /home/poude/src/pursuit_package-0.9/missing --run autoconf'
AUTOHEADER='${SHELL} /home/poude/src/pursuit_package-0.9/missing --run autoheader'
AUTOMAKE='${SHELL} /home/poude/src/pursuit_package-0.9/missing --run automake-1.7'
AWK='gawk'
CYGPATH_W='echo'
DEFS='-DPACKAGE_NAME=\"pursuit_package\" -DPACKAGE_TARNAME=\"pursuit_package\" -DPACKAGE_VERSION=\"0.8.0\" -DPACKAGE_STRING=\"pursuit_package\ 0.8.0\" -DPACKAGE_BUGREPORT=\"jellekok@science.uva.nl\" -DPACKAGE=\"pursuit_package\" -DVERSION=\"0.9\" '
ECHO_C=''
ECHO_N='-n'
ECHO_T=''
INSTALL_DATA='${INSTALL} -m 644'
INSTALL_PROGRAM='${INSTALL}'
INSTALL_SCRIPT='${INSTALL}'
INSTALL_STRIP_PROGRAM='${SHELL} $(install_sh) -c -s'
LIBOBJS=''
LIBS=''
LTLIBOBJS=''
MAKEINFO='${SHELL} /home/poude/src/pursuit_package-0.9/missing --run makeinfo'
PACKAGE='pursuit_package'
PACKAGE_BUGREPORT='jellekok@science.uva.nl'
PACKAGE_NAME='pursuit_package'
PACKAGE_STRING='pursuit_package 0.8.0'
PACKAGE_TARNAME='pursuit_package'
PACKAGE_VERSION='0.8.0'
PATH_SEPARATOR=':'
SET_MAKE=''
SHELL='/bin/sh'
STRIP=''
VERSION='0.9'
ac_ct_STRIP=''
am__leading_dot='.'
bindir='${exec_prefix}/bin'
build_alias=''
datadir='${prefix}/share'
exec_prefix='${prefix}'
host_alias=''
includedir='${prefix}/include'
infodir='${prefix}/info'
install_sh='/home/poude/src/pursuit_package-0.9/install-sh'
libdir='${exec_prefix}/lib'
libexecdir='${exec_prefix}/libexec'
localstatedir='${prefix}/var'
mandir='${prefix}/man'
oldincludedir='/usr/include'
prefix='/usr/local'
program_transform_name='s,x,x,'
sbindir='${exec_prefix}/sbin'
sharedstatedir='${prefix}/com'
subdirs=' pursuitbase pursuit monitor logplayer skeletons'
sysconfdir='${prefix}/etc'
target_alias=''

## ----------- ##
## confdefs.h. ##
## ----------- ##

#define PACKAGE "pursuit_package"
#define PACKAGE_BUGREPORT "jellekok@science.uva.nl"
#define PACKAGE_NAME "pursuit_package"
#define PACKAGE_STRING "pursuit_package 0.8.0"
#define PACKAGE_TARNAME "pursuit_package"
#define PACKAGE_VERSION "0.8.0"
#define VERSION "0.9"

configure: exit 0
