This file contains any messages produced by compilers while
running configure, to aid debugging if configure makes a mistake.

It was created by pursuit_logplayer configure 0.8, which was
generated by GNU Autoconf 2.57.  Invocation command line was

  $ ./configure --prefix=/usr/local --cache-file=/dev/null --srcdir=.

## --------- ##
## Platform. ##
## --------- ##

hostname = localhost.localdomain
uname -m = i686
uname -r = 2.6.27.5-37.fc9.i686
uname -s = Linux
uname -v = #1 SMP Wed Nov 12 18:56:28 EST 2008

/usr/bin/uname -p = unknown
/bin/uname -X     = unknown

/bin/arch              = i686
/usr/bin/arch -k       = unknown
/usr/convex/getsysinfo = unknown
hostinfo               = unknown
/bin/machine           = unknown
/usr/bin/oslevel       = unknown
/bin/universe          = unknown

PATH: /usr/lib/qt-3.3/bin
PATH: /usr/kerberos/bin
PATH: /usr/local/bin
PATH: /usr/bin
PATH: /bin
PATH: /home/poude/bin


## ----------- ##
## Core tests. ##
## ----------- ##

configure:1524: checking for a BSD-compatible install
configure:1578: result: /usr/bin/install -c
configure:1589: checking whether build environment is sane
configure:1632: result: yes
configure:1665: checking for gawk
configure:1681: found /usr/bin/gawk
configure:1691: result: gawk
configure:1701: checking whether make sets $(MAKE)
configure:1721: result: yes
configure:1935: checking for gcc
configure:1951: found /usr/bin/gcc
configure:1961: result: gcc
configure:2205: checking for C compiler version
configure:2208: gcc --version </dev/null >&5
gcc (GCC) 4.3.0 20080428 (Red Hat 4.3.0-8)
Copyright (C) 2008 Free Software Foundation, Inc.
This is free software; see the source for copying conditions.  There is NO
warranty; not even for MERCHANTABILITY or FITNESS FOR A PARTICULAR PURPOSE.

configure:2211: $? = 0
configure:2213: gcc -v </dev/null >&5
Using built-in specs.
Target: i386-redhat-linux
Configured with: ../configure --prefix=/usr --mandir=/usr/share/man --infodir=/usr/share/info --with-bugurl=http://bugzilla.redhat.com/bugzilla --enable-bootstrap --enable-shared --enable-threads=posix --enable-checking=release --with-system-zlib --enable-__cxa_atexit --disable-libunwind-exceptions --enable-languages=c,c++,objc,obj-c++,java,fortran,ada --enable-java-awt=gtk --disable-dssi --enable-plugin --with-java-home=/usr/lib/jvm/java-1.5.0-gcj-1.5.0.0/jre --enable-libgcj-multifile --enable-java-maintainer-mode --with-ecj-jar=/usr/share/java/eclipse-ecj.jar --disable-libjava-multilib --with-cpu=generic --build=i386-redhat-linux
Thread model: posix
gcc version 4.3.0 20080428 (Red Hat 4.3.0-8) (GCC) 
configure:2216: $? = 0
configure:2218: gcc -V </dev/null >&5
gcc: '-V' option must have argument
configure:2221: $? = 1
configure:2245: checking for C compiler default output
configure:2248: gcc    conftest.c  >&5
configure:2251: $? = 0
configure:2297: result: a.out
configure:2302: checking whether the C compiler works
configure:2308: ./a.out
configure:2311: $? = 0
configure:2328: result: yes
configure:2335: checking whether we are cross compiling
configure:2337: result: no
configure:2340: checking for suffix of executables
configure:2342: gcc -o conftest    conftest.c  >&5
configure:2345: $? = 0
configure:2370: result: 
configure:2376: checking for suffix of object files
configure:2398: gcc -c   conftest.c >&5
configure:2401: $? = 0
configure:2423: result: o
configure:2427: checking whether we are using the GNU C compiler
configure:2452: gcc -c   conftest.c >&5
configure:2455: $? = 0
configure:2458: test -s conftest.o
configure:2461: $? = 0
configure:2474: result: yes
configure:2480: checking whether gcc accepts -g
configure:2502: gcc -c -g  conftest.c >&5
configure:2505: $? = 0
configure:2508: test -s conftest.o
configure:2511: $? = 0
configure:2522: result: yes
configure:2539: checking for gcc option to accept ANSI C
configure:2600: gcc  -c -g -O2  conftest.c >&5
configure:2603: $? = 0
configure:2606: test -s conftest.o
configure:2609: $? = 0
configure:2627: result: none needed
configure:2645: gcc -c -g -O2  conftest.c >&5
conftest.c:2: error: expected '=', ',', ';', 'asm' or '__attribute__' before 'me'
configure:2648: $? = 1
configure: failed program was:
| #ifndef __cplusplus
|   choke me
| #endif
configure:2768: checking for style of include used by make
configure:2796: result: GNU
configure:2824: checking dependency style of gcc
configure:2892: result: gcc3
configure:2961: checking for g++
configure:2977: found /usr/bin/g++
configure:2987: result: g++
configure:3003: checking for C++ compiler version
configure:3006: g++ --version </dev/null >&5
g++ (GCC) 4.3.0 20080428 (Red Hat 4.3.0-8)
Copyright (C) 2008 Free Software Foundation, Inc.
This is free software; see the source for copying conditions.  There is NO
warranty; not even for MERCHANTABILITY or FITNESS FOR A PARTICULAR PURPOSE.

configure:3009: $? = 0
configure:3011: g++ -v </dev/null >&5
Using built-in specs.
Target: i386-redhat-linux
Configured with: ../configure --prefix=/usr --mandir=/usr/share/man --infodir=/usr/share/info --with-bugurl=http://bugzilla.redhat.com/bugzilla --enable-bootstrap --enable-shared --enable-threads=posix --enable-checking=release --with-system-zlib --enable-__cxa_atexit --disable-libunwind-exceptions --enable-languages=c,c++,objc,obj-c++,java,fortran,ada --enable-java-awt=gtk --disable-dssi --enable-plugin --with-java-home=/usr/lib/jvm/java-1.5.0-gcj-1.5.0.0/jre --enable-libgcj-multifile --enable-java-maintainer-mode --with-ecj-jar=/usr/share/java/eclipse-ecj.jar --disable-libjava-multilib --with-cpu=generic --build=i386-redhat-linux
Thread model: posix
gcc version 4.3.0 20080428 (Red Hat 4.3.0-8) (GCC) 
configure:3014: $? = 0
configure:3016: g++ -V </dev/null >&5
g++: '-V' option must have argument
configure:3019: $? = 1
configure:3022: checking whether we are using the GNU C++ compiler
configure:3047: g++ -c   conftest.cc >&5
configure:3050: $? = 0
configure:3053: test -s conftest.o
configure:3056: $? = 0
configure:3069: result: yes
configure:3075: checking whether g++ accepts -g
configure:3097: g++ -c -g  conftest.cc >&5
configure:3100: $? = 0
configure:3103: test -s conftest.o
configure:3106: $? = 0
configure:3117: result: yes
configure:3161: g++ -c -g -O2  conftest.cc >&5
configure:3164: $? = 0
configure:3167: test -s conftest.o
configure:3170: $? = 0
configure:3197: g++ -c -g -O2  conftest.cc >&5
configure: In function 'int main()':
configure:3194: error: 'exit' was not declared in this scope
configure:3200: $? = 1
configure: failed program was:
| #line 3180 "configure"
| /* confdefs.h.  */
| 
| #define PACKAGE_NAME "pursuit_logplayer"
| #define PACKAGE_TARNAME "jellekok@science.uva.nl"
| #define PACKAGE_VERSION "0.8"
| #define PACKAGE_STRING "pursuit_logplayer 0.8"
| #define PACKAGE_BUGREPORT "0"
| #define PACKAGE "pursuit_logplayer"
| #define VERSION "0.8"
| /* end confdefs.h.  */
| 
| int
| main ()
| {
| exit (42);
|   ;
|   return 0;
| }
configure:3161: g++ -c -g -O2  conftest.cc >&5
configure:3164: $? = 0
configure:3167: test -s conftest.o
configure:3170: $? = 0
configure:3197: g++ -c -g -O2  conftest.cc >&5
configure:3200: $? = 0
configure:3203: test -s conftest.o
configure:3206: $? = 0
configure:3231: checking dependency style of g++
configure:3299: result: gcc3
configure:3328: checking for a BSD-compatible install
configure:3382: result: /usr/bin/install -c
configure:3471: checking build system type
configure:3489: result: i686-pc-linux-gnu
configure:3497: checking host system type
configure:3511: result: i686-pc-linux-gnu
configure:3519: checking for a sed that does not truncate output
configure:3573: result: /bin/sed
configure:3576: checking for egrep
configure:3586: result: grep -E
configure:3602: checking for ld used by gcc
configure:3669: result: /usr/bin/ld
configure:3678: checking if the linker (/usr/bin/ld) is GNU ld
configure:3693: result: yes
configure:3698: checking for /usr/bin/ld option to reload object files
configure:3705: result: -r
configure:3714: checking for BSD-compatible nm
configure:3756: result: /usr/bin/nm -B
configure:3760: checking whether ln -s works
configure:3764: result: yes
configure:3771: checking how to recognise dependent libraries
configure:3971: result: pass_all
configure:4175: checking how to run the C preprocessor
configure:4211: gcc -E  conftest.c
configure:4217: $? = 0
configure:4249: gcc -E  conftest.c
configure:4253:28: error: ac_nonexistent.h: No such file or directory
configure:4255: $? = 1
configure: failed program was:
| #line 4240 "configure"
| /* confdefs.h.  */
| 
| #define PACKAGE_NAME "pursuit_logplayer"
| #define PACKAGE_TARNAME "jellekok@science.uva.nl"
| #define PACKAGE_VERSION "0.8"
| #define PACKAGE_STRING "pursuit_logplayer 0.8"
| #define PACKAGE_BUGREPORT "0"
| #define PACKAGE "pursuit_logplayer"
| #define VERSION "0.8"
| #ifdef __cplusplus
| #include <stdlib.h>
| #endif
| /* end confdefs.h.  */
| #include <ac_nonexistent.h>
configure:4293: result: gcc -E
configure:4318: gcc -E  conftest.c
configure:4324: $? = 0
configure:4356: gcc -E  conftest.c
configure:4360:28: error: ac_nonexistent.h: No such file or directory
configure:4362: $? = 1
configure: failed program was:
| #line 4347 "configure"
| /* confdefs.h.  */
| 
| #define PACKAGE_NAME "pursuit_logplayer"
| #define PACKAGE_TARNAME "jellekok@science.uva.nl"
| #define PACKAGE_VERSION "0.8"
| #define PACKAGE_STRING "pursuit_logplayer 0.8"
| #define PACKAGE_BUGREPORT "0"
| #define PACKAGE "pursuit_logplayer"
| #define VERSION "0.8"
| #ifdef __cplusplus
| #include <stdlib.h>
| #endif
| /* end confdefs.h.  */
| #include <ac_nonexistent.h>
configure:4405: checking for ANSI C header files
configure:4431: gcc -c -g -O2  conftest.c >&5
configure:4434: $? = 0
configure:4437: test -s conftest.o
configure:4440: $? = 0
configure:4532: gcc -o conftest -g -O2   conftest.c  >&5
configure: In function 'main':
configure:4530: warning: incompatible implicit declaration of built-in function 'exit'
configure:4535: $? = 0
configure:4537: ./conftest
configure:4540: $? = 0
configure:4555: result: yes
configure:4579: checking for sys/types.h
configure:4596: gcc -c -g -O2  conftest.c >&5
configure:4599: $? = 0
configure:4602: test -s conftest.o
configure:4605: $? = 0
configure:4616: result: yes
configure:4579: checking for sys/stat.h
configure:4596: gcc -c -g -O2  conftest.c >&5
configure:4599: $? = 0
configure:4602: test -s conftest.o
configure:4605: $? = 0
configure:4616: result: yes
configure:4579: checking for stdlib.h
configure:4596: gcc -c -g -O2  conftest.c >&5
configure:4599: $? = 0
configure:4602: test -s conftest.o
configure:4605: $? = 0
configure:4616: result: yes
configure:4579: checking for string.h
configure:4596: gcc -c -g -O2  conftest.c >&5
configure:4599: $? = 0
configure:4602: test -s conftest.o
configure:4605: $? = 0
configure:4616: result: yes
configure:4579: checking for memory.h
configure:4596: gcc -c -g -O2  conftest.c >&5
configure:4599: $? = 0
configure:4602: test -s conftest.o
configure:4605: $? = 0
configure:4616: result: yes
configure:4579: checking for strings.h
configure:4596: gcc -c -g -O2  conftest.c >&5
configure:4599: $? = 0
configure:4602: test -s conftest.o
configure:4605: $? = 0
configure:4616: result: yes
configure:4579: checking for inttypes.h
configure:4596: gcc -c -g -O2  conftest.c >&5
configure:4599: $? = 0
configure:4602: test -s conftest.o
configure:4605: $? = 0
configure:4616: result: yes
configure:4579: checking for stdint.h
configure:4596: gcc -c -g -O2  conftest.c >&5
configure:4599: $? = 0
configure:4602: test -s conftest.o
configure:4605: $? = 0
configure:4616: result: yes
configure:4579: checking for unistd.h
configure:4596: gcc -c -g -O2  conftest.c >&5
configure:4599: $? = 0
configure:4602: test -s conftest.o
configure:4605: $? = 0
configure:4616: result: yes
configure:4642: checking dlfcn.h usability
configure:4655: gcc -c -g -O2  conftest.c >&5
configure:4658: $? = 0
configure:4661: test -s conftest.o
configure:4664: $? = 0
configure:4674: result: yes
configure:4678: checking dlfcn.h presence
configure:4689: gcc -E  conftest.c
configure:4695: $? = 0
configure:4714: result: yes
configure:4750: checking for dlfcn.h
configure:4757: result: yes
configure:4775: checking how to run the C++ preprocessor
configure:4807: g++ -E  conftest.cc
configure:4813: $? = 0
configure:4845: g++ -E  conftest.cc
configure:4860:28: error: ac_nonexistent.h: No such file or directory
configure:4851: $? = 1
configure: failed program was:
| #line 4836 "configure"
| /* confdefs.h.  */
| 
| #define PACKAGE_NAME "pursuit_logplayer"
| #define PACKAGE_TARNAME "jellekok@science.uva.nl"
| #define PACKAGE_VERSION "0.8"
| #define PACKAGE_STRING "pursuit_logplayer 0.8"
| #define PACKAGE_BUGREPORT "0"
| #define PACKAGE "pursuit_logplayer"
| #define VERSION "0.8"
| #ifdef __cplusplus
| #include <stdlib.h>
| #endif
| #define STDC_HEADERS 1
| #define HAVE_SYS_TYPES_H 1
| #define HAVE_SYS_STAT_H 1
| #define HAVE_STDLIB_H 1
| #define HAVE_STRING_H 1
| #define HAVE_MEMORY_H 1
| #define HAVE_STRINGS_H 1
| #define HAVE_INTTYPES_H 1
| #define HAVE_STDINT_H 1
| #define HAVE_UNISTD_H 1
| #define HAVE_DLFCN_H 1
| /* end confdefs.h.  */
| #include <ac_nonexistent.h>
configure:4889: result: g++ -E
configure:4914: g++ -E  conftest.cc
configure:4920: $? = 0
configure:4952: g++ -E  conftest.cc
configure:4967:28: error: ac_nonexistent.h: No such file or directory
configure:4958: $? = 1
configure: failed program was:
| #line 4943 "configure"
| /* confdefs.h.  */
| 
| #define PACKAGE_NAME "pursuit_logplayer"
| #define PACKAGE_TARNAME "jellekok@science.uva.nl"
| #define PACKAGE_VERSION "0.8"
| #define PACKAGE_STRING "pursuit_logplayer 0.8"
| #define PACKAGE_BUGREPORT "0"
| #define PACKAGE "pursuit_logplayer"
| #define VERSION "0.8"
| #ifdef __cplusplus
| #include <stdlib.h>
| #endif
| #define STDC_HEADERS 1
| #define HAVE_SYS_TYPES_H 1
| #define HAVE_SYS_STAT_H 1
| #define HAVE_STDLIB_H 1
| #define HAVE_STRING_H 1
| #define HAVE_MEMORY_H 1
| #define HAVE_STRINGS_H 1
| #define HAVE_INTTYPES_H 1
| #define HAVE_STDINT_H 1
| #define HAVE_UNISTD_H 1
| #define HAVE_DLFCN_H 1
| /* end confdefs.h.  */
| #include <ac_nonexistent.h>
configure:5052: checking for g77
configure:5081: result: no
configure:5052: checking for f77
configure:5081: result: no
configure:5052: checking for xlf
configure:5081: result: no
configure:5052: checking for frt
configure:5081: result: no
configure:5052: checking for pgf77
configure:5081: result: no
configure:5052: checking for fl32
configure:5081: result: no
configure:5052: checking for af77
configure:5081: result: no
configure:5052: checking for fort77
configure:5081: result: no
configure:5052: checking for f90
configure:5081: result: no
configure:5052: checking for xlf90
configure:5081: result: no
configure:5052: checking for pgf90
configure:5081: result: no
configure:5052: checking for epcf90
configure:5081: result: no
configure:5052: checking for f95
configure:5081: result: no
configure:5052: checking for fort
configure:5081: result: no
configure:5052: checking for xlf95
configure:5081: result: no
configure:5052: checking for lf95
configure:5081: result: no
configure:5052: checking for g95
configure:5081: result: no
configure:5093: checking for Fortran 77 compiler version
configure:5096:  --version </dev/null >&5
./configure: line 5097: --version: command not found
configure:5099: $? = 127
configure:5101:  -v </dev/null >&5
./configure: line 5102: -v: command not found
configure:5104: $? = 127
configure:5106:  -V </dev/null >&5
./configure: line 5107: -V: command not found
configure:5109: $? = 127
configure:5116: checking whether we are using the GNU Fortran 77 compiler
configure:5130:  -c  conftest.F >&5
./configure: line 5131: -c: command not found
configure:5133: $? = 127
configure: failed program was:
|       program main
| #ifndef __GNUC__
|        choke me
| #endif
| 
|       end
configure:5152: result: no
configure:5159: checking whether  accepts -g
configure:5171:  -c -g conftest.f >&5
./configure: line 5172: -c: command not found
configure:5174: $? = 127
configure: failed program was:
|       program main
| 
|       end
configure:5192: result: no
configure:5220: checking the maximum length of command line arguments
configure:5279: result: 32768
configure:5290: checking command to parse /usr/bin/nm -B output from gcc object
configure:5379: gcc -c -g -O2  conftest.c >&5
configure:5382: $? = 0
configure:5386: /usr/bin/nm -B conftest.o \| sed -n -e 's/^.*[ 	]\([ABCDGISTW][ABCDGISTW]*\)[ 	][ 	]*\(\)\([_A-Za-z][_A-Za-z0-9]*\)$/\1 \2\3 \3/p' \> conftest.nm
configure:5389: $? = 0
configure:5441: gcc -o conftest -g -O2   conftest.c conftstm.o >&5
configure:5444: $? = 0
configure:5482: result: ok
configure:5486: checking for objdir
configure:5501: result: .libs
configure:5591: checking for ar
configure:5607: found /usr/bin/ar
configure:5618: result: ar
configure:5671: checking for ranlib
configure:5687: found /usr/bin/ranlib
configure:5698: result: ranlib
configure:5751: checking for strip
configure:5767: found /usr/bin/strip
configure:5778: result: strip
configure:6040: checking if gcc static flag  works
configure:6063: result: yes
configure:6080: checking if gcc supports -fno-rtti -fno-exceptions
configure:6098: gcc -c -g -O2  -fno-rtti -fno-exceptions conftest.c >&5
cc1: warning: command line option "-fno-rtti" is valid for C++/ObjC++ but not for C
configure:6102: $? = 0
configure:6113: result: no
configure:6128: checking for gcc option to produce PIC
configure:6305: result: -fPIC
configure:6312: checking if gcc PIC flag -fPIC works
configure:6330: gcc -c -g -O2  -fPIC -DPIC conftest.c >&5
configure:6334: $? = 0
configure:6345: result: yes
configure:6369: checking if gcc supports -c -o file.o
configure:6397: gcc -c -g -O2  -o out/conftest2.o conftest.c >&5
configure:6401: $? = 0
configure:6418: result: yes
configure:6444: checking whether the gcc linker (/usr/bin/ld) supports shared libraries
configure:7238: result: yes
configure:7264: checking whether -lc should be explicitly linked in
configure:7269: gcc -c -g -O2  conftest.c >&5
configure:7272: $? = 0
configure:7286: gcc -shared conftest.o  -v -Wl,-soname -Wl,conftest -o conftest 2\>\&1 \| grep  -lc  \>/dev/null 2\>\&1
configure:7289: $? = 0
configure:7301: result: no
configure:7309: checking how to hardcode library paths into programs
configure:7334: result: immediate
configure:7348: checking whether stripping libraries is possible
configure:7353: result: yes
configure:7375: checking dynamic linker characteristics
configure:7886: result: GNU/Linux ld.so
configure:8612: checking if libtool supports shared libraries
configure:8614: result: yes
configure:8617: checking whether to build shared libraries
configure:8666: result: yes
configure:8669: checking whether to build static libraries
configure:8673: result: yes
configure:8764: creating libtool
configure:9308: checking for ld used by g++
configure:9375: result: /usr/bin/ld
configure:9384: checking if the linker (/usr/bin/ld) is GNU ld
configure:9399: result: yes
configure:9450: checking whether the g++ linker (/usr/bin/ld) supports shared libraries
configure:10245: result: yes
configure:10263: g++ -c -g -O2  conftest.cc >&5
configure:10266: $? = 0
configure:10362: checking for g++ option to produce PIC
configure:10614: result: -fPIC
configure:10621: checking if g++ PIC flag -fPIC works
configure:10639: g++ -c -g -O2  -fPIC -DPIC conftest.cc >&5
configure:10643: $? = 0
configure:10654: result: yes
configure:10678: checking if g++ supports -c -o file.o
configure:10706: g++ -c -g -O2  -o out/conftest2.o conftest.cc >&5
configure:10710: $? = 0
configure:10727: result: yes
configure:10753: checking whether the g++ linker (/usr/bin/ld) supports shared libraries
configure:10778: result: yes
configure:10849: checking how to hardcode library paths into programs
configure:10874: result: immediate
configure:10888: checking whether stripping libraries is possible
configure:10893: result: yes
configure:10915: checking dynamic linker characteristics
configure:11426: result: GNU/Linux ld.so
configure:18294: checking for gtk-config
configure:18313: found /usr/bin/gtk-config
configure:18325: result: /usr/bin/gtk-config
configure:18336: result: /usr/bin/gtk-config
configure:18396: checking glibconfig.h usability
configure:18409: gcc -c -g -O2 -I/usr/include/gtk-1.2 -I/usr/include/glib-1.2 -I/usr/lib/glib/include conftest.c >&5
configure:18412: $? = 0
configure:18415: test -s conftest.o
configure:18418: $? = 0
configure:18428: result: yes
configure:18432: checking glibconfig.h presence
configure:18443: gcc -E -I/usr/include/gtk-1.2 -I/usr/include/glib-1.2 -I/usr/lib/glib/include conftest.c
configure:18449: $? = 0
configure:18468: result: yes
configure:18504: checking for glibconfig.h
configure:18511: result: yes
configure:18542: checking glib.h usability
configure:18555: gcc -c -g -O2 -I/usr/include/gtk-1.2 -I/usr/include/glib-1.2 -I/usr/lib/glib/include conftest.c >&5
configure:18558: $? = 0
configure:18561: test -s conftest.o
configure:18564: $? = 0
configure:18574: result: yes
configure:18578: checking glib.h presence
configure:18589: gcc -E -I/usr/include/gtk-1.2 -I/usr/include/glib-1.2 -I/usr/lib/glib/include conftest.c
configure:18595: $? = 0
configure:18614: result: yes
configure:18650: checking for glib.h
configure:18657: result: yes
configure:18688: checking gtk/gtk.h usability
configure:18701: gcc -c -g -O2 -I/usr/include/gtk-1.2 -I/usr/include/glib-1.2 -I/usr/lib/glib/include conftest.c >&5
configure:18704: $? = 0
configure:18707: test -s conftest.o
configure:18710: $? = 0
configure:18720: result: yes
configure:18724: checking gtk/gtk.h presence
configure:18735: gcc -E -I/usr/include/gtk-1.2 -I/usr/include/glib-1.2 -I/usr/lib/glib/include conftest.c
configure:18741: $? = 0
configure:18760: result: yes
configure:18796: checking for gtk/gtk.h
configure:18803: result: yes
configure:18822: checking for gdk_exit in -lgdk
configure:18853: gcc -o conftest -g -O2 -I/usr/include/gtk-1.2 -I/usr/include/glib-1.2 -I/usr/lib/glib/include -L/usr/lib -lgtk -lgdk -rdynamic -lgmodule -ldl -lglib -lXi -lXext -lX11 -lm conftest.c -lgdk   >&5
configure:18856: $? = 0
configure:18859: test -s conftest
configure:18862: $? = 0
configure:18874: result: yes
configure:18890: checking for gtk_init in -lgtk
configure:18921: gcc -o conftest -g -O2 -I/usr/include/gtk-1.2 -I/usr/include/glib-1.2 -I/usr/lib/glib/include -L/usr/lib -lgtk -lgdk -rdynamic -lgmodule -ldl -lglib -lXi -lXext -lX11 -lm conftest.c -lgtk -lgdk -lgdk  >&5
configure:18924: $? = 0
configure:18927: test -s conftest
configure:18930: $? = 0
configure:18942: result: yes
configure:18976: checking for inet_ntoa in -lnsl
configure:19007: gcc -o conftest -g -O2 -I/usr/include/gtk-1.2 -I/usr/include/glib-1.2 -I/usr/lib/glib/include -L/usr/lib -lgtk -lgdk -rdynamic -lgmodule -ldl -lglib -lXi -lXext -lX11 -lm conftest.c -lnsl  -lgtk -lgdk  >&5
configure:19010: $? = 0
configure:19013: test -s conftest
configure:19016: $? = 0
configure:19028: result: yes
configure:19040: checking for pthread_create in -lpthread
configure:19071: gcc -o conftest -g -O2 -I/usr/include/gtk-1.2 -I/usr/include/glib-1.2 -I/usr/lib/glib/include -L/usr/lib -lgtk -lgdk -rdynamic -lgmodule -ldl -lglib -lXi -lXext -lX11 -lm conftest.c -lpthread  -lnsl -lgtk -lgdk  >&5
configure:19074: $? = 0
configure:19077: test -s conftest
configure:19080: $? = 0
configure:19092: result: yes
configure:19105: checking for recvfrom in -lsocket
configure:19136: gcc -o conftest -g -O2 -I/usr/include/gtk-1.2 -I/usr/include/glib-1.2 -I/usr/lib/glib/include -L/usr/lib -lgtk -lgdk -rdynamic -lgmodule -ldl -lglib -lXi -lXext -lX11 -lm conftest.c -lsocket  -lpthread -lnsl -lgtk -lgdk  >&5
/usr/bin/ld: cannot find -lsocket
collect2: ld returned 1 exit status
configure:19139: $? = 1
configure: failed program was:
| #line 19112 "configure"
| /* confdefs.h.  */
| 
| #define PACKAGE_NAME "pursuit_logplayer"
| #define PACKAGE_TARNAME "jellekok@science.uva.nl"
| #define PACKAGE_VERSION "0.8"
| #define PACKAGE_STRING "pursuit_logplayer 0.8"
| #define PACKAGE_BUGREPORT "0"
| #define PACKAGE "pursuit_logplayer"
| #define VERSION "0.8"
| #ifdef __cplusplus
| #include <stdlib.h>
| #endif
| #define STDC_HEADERS 1
| #define HAVE_SYS_TYPES_H 1
| #define HAVE_SYS_STAT_H 1
| #define HAVE_STDLIB_H 1
| #define HAVE_STRING_H 1
| #define HAVE_MEMORY_H 1
| #define HAVE_STRINGS_H 1
| #define HAVE_INTTYPES_H 1
| #define HAVE_STDINT_H 1
| #define HAVE_UNISTD_H 1
| #define HAVE_DLFCN_H 1
| #define HAVE_GLIBCONFIG_H 1
| #define HAVE_GLIB_H 1
| #define HAVE_GTK_GTK_H 1
| #define HAVE_LIBGDK 1
| #define HAVE_LIBGTK 1
| #define HAVE_LIBNSL 1
| #define HAVE_LIBPTHREAD 1
| /* end confdefs.h.  */
| 
| /* Override any gcc2 internal prototype to avoid an error.  */
| #ifdef __cplusplus
| extern "C"
| #endif
| /* We use char because int might match the return type of a gcc2
|    builtin and then its argument prototype would still apply.  */
| char recvfrom ();
| int
| main ()
| {
| recvfrom ();
|   ;
|   return 0;
| }
configure:19157: result: no
configure:19171: checking for ANSI C header files
configure:19321: result: yes
configure:19339: checking for stdlib.h
configure:19344: result: yes
configure:19339: checking for unistd.h
configure:19344: result: yes
configure:19478: checking for stdbool.h that conforms to C99
configure:19532: gcc -c -g -O2 -I/usr/include/gtk-1.2 -I/usr/include/glib-1.2 -I/usr/lib/glib/include conftest.c >&5
configure:19535: $? = 0
configure:19538: test -s conftest.o
configure:19541: $? = 0
configure:19552: result: yes
configure:19554: checking for _Bool
configure:19579: gcc -c -g -O2 -I/usr/include/gtk-1.2 -I/usr/include/glib-1.2 -I/usr/lib/glib/include conftest.c >&5
configure:19582: $? = 0
configure:19585: test -s conftest.o
configure:19588: $? = 0
configure:19599: result: yes
configure:19618: checking whether time.h and sys/time.h may both be included
configure:19644: gcc -c -g -O2 -I/usr/include/gtk-1.2 -I/usr/include/glib-1.2 -I/usr/lib/glib/include conftest.c >&5
configure:19647: $? = 0
configure:19650: test -s conftest.o
configure:19653: $? = 0
configure:19664: result: yes
configure:19691: checking sys/select.h usability
configure:19704: gcc -c -g -O2 -I/usr/include/gtk-1.2 -I/usr/include/glib-1.2 -I/usr/lib/glib/include conftest.c >&5
configure:19707: $? = 0
configure:19710: test -s conftest.o
configure:19713: $? = 0
configure:19723: result: yes
configure:19727: checking sys/select.h presence
configure:19738: gcc -E -I/usr/include/gtk-1.2 -I/usr/include/glib-1.2 -I/usr/lib/glib/include conftest.c
configure:19744: $? = 0
configure:19763: result: yes
configure:19799: checking for sys/select.h
configure:19806: result: yes
configure:19691: checking sys/socket.h usability
configure:19704: gcc -c -g -O2 -I/usr/include/gtk-1.2 -I/usr/include/glib-1.2 -I/usr/lib/glib/include conftest.c >&5
configure:19707: $? = 0
configure:19710: test -s conftest.o
configure:19713: $? = 0
configure:19723: result: yes
configure:19727: checking sys/socket.h presence
configure:19738: gcc -E -I/usr/include/gtk-1.2 -I/usr/include/glib-1.2 -I/usr/lib/glib/include conftest.c
configure:19744: $? = 0
configure:19763: result: yes
configure:19799: checking for sys/socket.h
configure:19806: result: yes
configure:19819: checking types of arguments for select
configure:19853: gcc -c -g -O2 -I/usr/include/gtk-1.2 -I/usr/include/glib-1.2 -I/usr/lib/glib/include conftest.c >&5
configure:19856: $? = 0
configure:19859: test -s conftest.o
configure:19862: $? = 0
configure:19878: result: int,fd_set *,struct timeval *
configure:19901: checking return type of signal handlers
configure:19933: gcc -c -g -O2 -I/usr/include/gtk-1.2 -I/usr/include/glib-1.2 -I/usr/lib/glib/include conftest.c >&5
configure:19936: $? = 0
configure:19939: test -s conftest.o
configure:19942: $? = 0
configure:19953: result: void
configure:19968: checking for atexit
configure:20018: gcc -o conftest -g -O2 -I/usr/include/gtk-1.2 -I/usr/include/glib-1.2 -I/usr/lib/glib/include -L/usr/lib -lgtk -lgdk -rdynamic -lgmodule -ldl -lglib -lXi -lXext -lX11 -lm conftest.c -lpthread -lnsl -lgtk -lgdk  >&5
configure:20021: $? = 0
configure:20024: test -s conftest
configure:20027: $? = 0
configure:20038: result: yes
configure:19968: checking for on_exit
configure:20018: gcc -o conftest -g -O2 -I/usr/include/gtk-1.2 -I/usr/include/glib-1.2 -I/usr/lib/glib/include -L/usr/lib -lgtk -lgdk -rdynamic -lgmodule -ldl -lglib -lXi -lXext -lX11 -lm conftest.c -lpthread -lnsl -lgtk -lgdk  >&5
configure:20021: $? = 0
configure:20024: test -s conftest
configure:20027: $? = 0
configure:20038: result: yes
configure:19968: checking for select
configure:20018: gcc -o conftest -g -O2 -I/usr/include/gtk-1.2 -I/usr/include/glib-1.2 -I/usr/lib/glib/include -L/usr/lib -lgtk -lgdk -rdynamic -lgmodule -ldl -lglib -lXi -lXext -lX11 -lm conftest.c -lpthread -lnsl -lgtk -lgdk  >&5
configure:20021: $? = 0
configure:20024: test -s conftest
configure:20027: $? = 0
configure:20038: result: yes
configure:19968: checking for strrchr
configure:20018: gcc -o conftest -g -O2 -I/usr/include/gtk-1.2 -I/usr/include/glib-1.2 -I/usr/lib/glib/include -L/usr/lib -lgtk -lgdk -rdynamic -lgmodule -ldl -lglib -lXi -lXext -lX11 -lm conftest.c -lpthread -lnsl -lgtk -lgdk  >&5
configure:20035: warning: conflicting types for built-in function 'strrchr'
configure:20021: $? = 0
configure:20024: test -s conftest
configure:20027: $? = 0
configure:20038: result: yes
configure:20168: creating ./config.status

## ---------------------- ##
## Running config.status. ##
## ---------------------- ##

This file was extended by pursuit_logplayer config.status 0.8, which was
generated by GNU Autoconf 2.57.  Invocation command line was

  CONFIG_FILES    = 
  CONFIG_HEADERS  = 
  CONFIG_LINKS    = 
  CONFIG_COMMANDS = 
  $ ./config.status 

on localhost.localdomain

config.status:679: creating Makefile
config.status:679: creating src/Makefile
config.status:783: creating config.h
config.status:954: config.h is unchanged
config.status:1076: executing depfiles commands

## ---------------- ##
## Cache variables. ##
## ---------------- ##

ac_cv_build=i686-pc-linux-gnu
ac_cv_build_alias=i686-pc-linux-gnu
ac_cv_c_compiler_gnu=yes
ac_cv_cxx_compiler_gnu=yes
ac_cv_env_CC_set=
ac_cv_env_CC_value=
ac_cv_env_CFLAGS_set=
ac_cv_env_CFLAGS_value=
ac_cv_env_CPPFLAGS_set=
ac_cv_env_CPPFLAGS_value=
ac_cv_env_CPP_set=
ac_cv_env_CPP_value=
ac_cv_env_CXXCPP_set=
ac_cv_env_CXXCPP_value=
ac_cv_env_CXXFLAGS_set=
ac_cv_env_CXXFLAGS_value=
ac_cv_env_CXX_set=
ac_cv_env_CXX_value=
ac_cv_env_F77_set=
ac_cv_env_F77_value=
ac_cv_env_FFLAGS_set=
ac_cv_env_FFLAGS_value=
ac_cv_env_LDFLAGS_set=
ac_cv_env_LDFLAGS_value=
ac_cv_env_build_alias_set=
ac_cv_env_build_alias_value=
ac_cv_env_host_alias_set=
ac_cv_env_host_alias_value=
ac_cv_env_target_alias_set=
ac_cv_env_target_alias_value=
ac_cv_exeext=
ac_cv_f77_compiler_gnu=no
ac_cv_func_atexit=yes
ac_cv_func_on_exit=yes
ac_cv_func_select=yes
ac_cv_func_select_args='int,fd_set *,struct timeval *'
ac_cv_func_strrchr=yes
ac_cv_header_dlfcn_h=yes
ac_cv_header_glib_h=yes
ac_cv_header_glibconfig_h=yes
ac_cv_header_gtk_gtk_h=yes
ac_cv_header_inttypes_h=yes
ac_cv_header_memory_h=yes
ac_cv_header_stdbool_h=yes
ac_cv_header_stdc=yes
ac_cv_header_stdint_h=yes
ac_cv_header_stdlib_h=yes
ac_cv_header_string_h=yes
ac_cv_header_strings_h=yes
ac_cv_header_sys_select_h=yes
ac_cv_header_sys_socket_h=yes
ac_cv_header_sys_stat_h=yes
ac_cv_header_sys_types_h=yes
ac_cv_header_time=yes
ac_cv_header_unistd_h=yes
ac_cv_host=i686-pc-linux-gnu
ac_cv_host_alias=i686-pc-linux-gnu
ac_cv_lib_gdk_gdk_exit=yes
ac_cv_lib_gtk_gtk_init=yes
ac_cv_lib_nsl_inet_ntoa=yes
ac_cv_lib_pthread_pthread_create=yes
ac_cv_lib_socket_recvfrom=no
ac_cv_objext=o
ac_cv_path_GTKCONFIG=/usr/bin/gtk-config
ac_cv_path_install='/usr/bin/install -c'
ac_cv_prog_AWK=gawk
ac_cv_prog_CPP='gcc -E'
ac_cv_prog_CXXCPP='g++ -E'
ac_cv_prog_ac_ct_AR=ar
ac_cv_prog_ac_ct_CC=gcc
ac_cv_prog_ac_ct_CXX=g++
ac_cv_prog_ac_ct_RANLIB=ranlib
ac_cv_prog_ac_ct_STRIP=strip
ac_cv_prog_cc_g=yes
ac_cv_prog_cc_stdc=
ac_cv_prog_cxx_g=yes
ac_cv_prog_egrep='grep -E'
ac_cv_prog_f77_g=no
ac_cv_prog_make_make_set=yes
ac_cv_type__Bool=yes
ac_cv_type_signal=void
am_cv_CC_dependencies_compiler_type=gcc3
am_cv_CXX_dependencies_compiler_type=gcc3
lt_cv_deplibs_check_method=pass_all
lt_cv_file_magic_cmd='$MAGIC_CMD'
lt_cv_file_magic_test_file='/lib/libc.so.6 /lib/libc-2.8.so'
lt_cv_ld_reload_flag=-r
lt_cv_objdir=.libs
lt_cv_path_LD=/usr/bin/ld
lt_cv_path_LDCXX=/usr/bin/ld
lt_cv_path_NM='/usr/bin/nm -B'
lt_cv_path_SED=/bin/sed
lt_cv_prog_compiler_c_o=yes
lt_cv_prog_compiler_c_o_CXX=yes
lt_cv_prog_compiler_rtti_exceptions=no
lt_cv_prog_gnu_ld=yes
lt_cv_prog_gnu_ldcxx=yes
lt_cv_sys_global_symbol_pipe='sed -n -e '\''s/^.*[ 	]\([ABCDGISTW][ABCDGISTW]*\)[ 	][ 	]*\(\)\([_A-Za-z][_A-Za-z0-9]*\)$/\1 \2\3 \3/p'\'''
lt_cv_sys_global_symbol_to_c_name_address='sed -n -e '\''s/^: \([^ ]*\) $/  {\"\1\", (lt_ptr) 0},/p'\'' -e '\''s/^[BCDEGRST] \([^ ]*\) \([^ ]*\)$/  {"\2", (lt_ptr) \&\2},/p'\'''
lt_cv_sys_global_symbol_to_cdecl='sed -n -e '\''s/^. .* \(.*\)$/extern int \1;/p'\'''
lt_cv_sys_max_cmd_len=32768
lt_lt_cv_prog_compiler_c_o='"yes"'
lt_lt_cv_prog_compiler_c_o_CXX='"yes"'
lt_lt_cv_sys_global_symbol_pipe='"sed -n -e '\''s/^.*[ 	]\\([ABCDGISTW][ABCDGISTW]*\\)[ 	][ 	]*\\(\\)\\([_A-Za-z][_A-Za-z0-9]*\\)\$/\\1 \\2\\3 \\3/p'\''"'
lt_lt_cv_sys_global_symbol_to_c_name_address='"sed -n -e '\''s/^: \\([^ ]*\\) \$/  {\\\"\\1\\\", (lt_ptr) 0},/p'\'' -e '\''s/^[BCDEGRST] \\([^ ]*\\) \\([^ ]*\\)\$/  {\"\\2\", (lt_ptr) \\&\\2},/p'\''"'
lt_lt_cv_sys_global_symbol_to_cdecl='"sed -n -e '\''s/^. .* \\(.*\\)\$/extern int \\1;/p'\''"'

## ----------------- ##
## Output variables. ##
## ----------------- ##

ACLOCAL='${SHELL} /home/poude/src/pursuit_package-0.9/logplayer/missing --run aclocal-1.7'
AMDEPBACKSLASH='\'
AMDEP_FALSE='#'
AMDEP_TRUE=''
AMTAR='${SHELL} /home/poude/src/pursuit_package-0.9/logplayer/missing --run tar'
AR='ar'
AUTOCONF='${SHELL} /home/poude/src/pursuit_package-0.9/logplayer/missing --run autoconf'
AUTOHEADER='${SHELL} /home/poude/src/pursuit_package-0.9/logplayer/missing --run autoheader'
AUTOMAKE='${SHELL} /home/poude/src/pursuit_package-0.9/logplayer/missing --run automake-1.7'
AWK='gawk'
CC='gcc'
CCDEPMODE='depmode=gcc3'
CFLAGS='-g -O2'
CPP='gcc -E'
CPPFLAGS='-I/usr/include/gtk-1.2 -I/usr/include/glib-1.2 -I/usr/lib/glib/include'
CXX='g++'
CXXCPP='g++ -E'
CXXDEPMODE='depmode=gcc3'
CXXFLAGS='-g -O2'
CYGPATH_W='echo'
DEFS='-DHAVE_CONFIG_H'
DEPDIR='.deps'
ECHO='echo'
ECHO_C=''
ECHO_N='-n'
ECHO_T=''
EGREP='grep -E'
EXEEXT=''
F77=''
FFLAGS=''
GTKCONFIG='/usr/bin/gtk-config'
INSTALL_DATA='${INSTALL} -m 644'
INSTALL_PROGRAM='${INSTALL}'
INSTALL_SCRIPT='${INSTALL}'
INSTALL_STRIP_PROGRAM='${SHELL} $(install_sh) -c -s'
LDFLAGS='-L/usr/lib -lgtk -lgdk -rdynamic -lgmodule -ldl -lglib -lXi -lXext -lX11 -lm'
LIBOBJS=''
LIBS='-lpthread -lnsl -lgtk -lgdk '
LIBTOOL='$(SHELL) $(top_builddir)/libtool'
LN_S='ln -s'
LTLIBOBJS=''
MAKEINFO='${SHELL} /home/poude/src/pursuit_package-0.9/logplayer/missing --run makeinfo'
OBJEXT='o'
PACKAGE='pursuit_logplayer'
PACKAGE_BUGREPORT='0'
PACKAGE_NAME='pursuit_logplayer'
PACKAGE_STRING='pursuit_logplayer 0.8'
PACKAGE_TARNAME='jellekok@science.uva.nl'
PACKAGE_VERSION='0.8'
PATH_SEPARATOR=':'
RANLIB='ranlib'
SET_MAKE=''
SHELL='/bin/sh'
STRIP='strip'
VERSION='0.8'
ac_ct_AR='ar'
ac_ct_CC='gcc'
ac_ct_CXX='g++'
ac_ct_F77=''
ac_ct_RANLIB='ranlib'
ac_ct_STRIP='strip'
am__fastdepCC_FALSE='#'
am__fastdepCC_TRUE=''
am__fastdepCXX_FALSE='#'
am__fastdepCXX_TRUE=''
am__include='include'
am__leading_dot='.'
am__quote=''
bindir='${exec_prefix}/bin'
build='i686-pc-linux-gnu'
build_alias=''
build_cpu='i686'
build_os='linux-gnu'
build_vendor='pc'
datadir='${prefix}/share'
exec_prefix='${prefix}'
host='i686-pc-linux-gnu'
host_alias=''
host_cpu='i686'
host_os='linux-gnu'
host_vendor='pc'
includedir='${prefix}/include'
infodir='${prefix}/info'
install_sh='/home/poude/src/pursuit_package-0.9/logplayer/install-sh'
libdir='${exec_prefix}/lib'
libexecdir='${exec_prefix}/libexec'
localstatedir='${prefix}/var'
mandir='${prefix}/man'
oldincludedir='/usr/include'
prefix='/usr/local'
program_transform_name='s,x,x,'
sbindir='${exec_prefix}/sbin'
sharedstatedir='${prefix}/com'
sysconfdir='${prefix}/etc'
target_alias=''

## ----------- ##
## confdefs.h. ##
## ----------- ##

#define HAVE_ATEXIT 1
#define HAVE_DLFCN_H 1
#define HAVE_GLIBCONFIG_H 1
#define HAVE_GLIB_H 1
#define HAVE_GTK_GTK_H 1
#define HAVE_INTTYPES_H 1
#define HAVE_LIBGDK 1
#define HAVE_LIBGTK 1
#define HAVE_LIBNSL 1
#define HAVE_LIBPTHREAD 1
#define HAVE_MEMORY_H 1
#define HAVE_ON_EXIT 1
#define HAVE_SELECT 1
#define HAVE_STDBOOL_H 1
#define HAVE_STDINT_H 1
#define HAVE_STDLIB_H 1
#define HAVE_STDLIB_H 1
#define HAVE_STRINGS_H 1
#define HAVE_STRING_H 1
#define HAVE_STRRCHR 1
#define HAVE_SYS_SELECT_H 1
#define HAVE_SYS_SOCKET_H 1
#define HAVE_SYS_STAT_H 1
#define HAVE_SYS_TYPES_H 1
#define HAVE_UNISTD_H 1
#define HAVE_UNISTD_H 1
#define HAVE__BOOL 1
#define PACKAGE "pursuit_logplayer"
#define PACKAGE_BUGREPORT "0"
#define PACKAGE_NAME "pursuit_logplayer"
#define PACKAGE_STRING "pursuit_logplayer 0.8"
#define PACKAGE_TARNAME "jellekok@science.uva.nl"
#define PACKAGE_VERSION "0.8"
#define RETSIGTYPE void
#define SELECT_TYPE_ARG1 int
#define SELECT_TYPE_ARG234 (fd_set *)
#define SELECT_TYPE_ARG5 (struct timeval *)
#define STDC_HEADERS 1
#define STDC_HEADERS 1
#define TIME_WITH_SYS_TIME 1
#define VERSION "0.8"
#endif
#ifdef __cplusplus
#include <stdlib.h>

configure: exit 0
