This file contains any messages produced by compilers while
running configure, to aid debugging if configure makes a mistake.

It was created by configure, which was
generated by GNU Autoconf 2.57.  Invocation command line was

  $ ./configure --prefix=/usr/local --prefix=/usr/local --cache-file=/dev/null --srcdir=. --cache-file=/dev/null --srcdir=.

## --------- ##
## Platform. ##
## --------- ##

hostname = localhost.localdomain
uname -m = i686
uname -r = 2.6.27.5-37.fc9.i686
uname -s = Linux
uname -v = #1 SMP Wed Nov 12 18:56:28 EST 2008

/usr/bin/uname -p = unknown
/bin/uname -X     = unknown

/bin/arch              = i686
/usr/bin/arch -k       = unknown
/usr/convex/getsysinfo = unknown
hostinfo               = unknown
/bin/machine           = unknown
/usr/bin/oslevel       = unknown
/bin/universe          = unknown

PATH: /usr/lib/qt-3.3/bin
PATH: /usr/kerberos/bin
PATH: /usr/local/bin
PATH: /usr/bin
PATH: /bin
PATH: /home/poude/bin


## ----------- ##
## Core tests. ##
## ----------- ##

configure:1504: checking for a BSD-compatible install
configure:1558: result: /usr/bin/install -c
configure:1569: checking whether build environment is sane
configure:1612: result: yes
configure:1645: checking for gawk
configure:1661: found /usr/bin/gawk
configure:1671: result: gawk
configure:1681: checking whether make sets $(MAKE)
configure:1701: result: yes
configure:1921: checking for g++
configure:1937: found /usr/bin/g++
configure:1947: result: g++
configure:1963: checking for C++ compiler version
configure:1966: g++ --version </dev/null >&5
g++ (GCC) 4.3.0 20080428 (Red Hat 4.3.0-8)
Copyright (C) 2008 Free Software Foundation, Inc.
This is free software; see the source for copying conditions.  There is NO
warranty; not even for MERCHANTABILITY or FITNESS FOR A PARTICULAR PURPOSE.

configure:1969: $? = 0
configure:1971: g++ -v </dev/null >&5
Using built-in specs.
Target: i386-redhat-linux
Configured with: ../configure --prefix=/usr --mandir=/usr/share/man --infodir=/usr/share/info --with-bugurl=http://bugzilla.redhat.com/bugzilla --enable-bootstrap --enable-shared --enable-threads=posix --enable-checking=release --with-system-zlib --enable-__cxa_atexit --disable-libunwind-exceptions --enable-languages=c,c++,objc,obj-c++,java,fortran,ada --enable-java-awt=gtk --disable-dssi --enable-plugin --with-java-home=/usr/lib/jvm/java-1.5.0-gcj-1.5.0.0/jre --enable-libgcj-multifile --enable-java-maintainer-mode --with-ecj-jar=/usr/share/java/eclipse-ecj.jar --disable-libjava-multilib --with-cpu=generic --build=i386-redhat-linux
Thread model: posix
gcc version 4.3.0 20080428 (Red Hat 4.3.0-8) (GCC) 
configure:1974: $? = 0
configure:1976: g++ -V </dev/null >&5
g++: '-V' option must have argument
configure:1979: $? = 1
configure:2003: checking for C++ compiler default output
configure:2006: g++    conftest.cc  >&5
configure:2009: $? = 0
configure:2055: result: a.out
configure:2060: checking whether the C++ compiler works
configure:2066: ./a.out
configure:2069: $? = 0
configure:2086: result: yes
configure:2093: checking whether we are cross compiling
configure:2095: result: no
configure:2098: checking for suffix of executables
configure:2100: g++ -o conftest    conftest.cc  >&5
configure:2103: $? = 0
configure:2128: result: 
configure:2134: checking for suffix of object files
configure:2156: g++ -c   conftest.cc >&5
configure:2159: $? = 0
configure:2181: result: o
configure:2185: checking whether we are using the GNU C++ compiler
configure:2210: g++ -c   conftest.cc >&5
configure:2213: $? = 0
configure:2216: test -s conftest.o
configure:2219: $? = 0
configure:2232: result: yes
configure:2238: checking whether g++ accepts -g
configure:2260: g++ -c -g  conftest.cc >&5
configure:2263: $? = 0
configure:2266: test -s conftest.o
configure:2269: $? = 0
configure:2280: result: yes
configure:2324: g++ -c -g -O2  conftest.cc >&5
configure:2327: $? = 0
configure:2330: test -s conftest.o
configure:2333: $? = 0
configure:2360: g++ -c -g -O2  conftest.cc >&5
configure: In function 'int main()':
configure:2357: error: 'exit' was not declared in this scope
configure:2363: $? = 1
configure: failed program was:
| #line 2343 "configure"
| /* confdefs.h.  */
| 
| #define PACKAGE_NAME ""
| #define PACKAGE_TARNAME ""
| #define PACKAGE_VERSION ""
| #define PACKAGE_STRING ""
| #define PACKAGE_BUGREPORT ""
| #define PACKAGE "prey"
| #define VERSION "1.0"
| /* end confdefs.h.  */
| 
| int
| main ()
| {
| exit (42);
|   ;
|   return 0;
| }
configure:2324: g++ -c -g -O2  conftest.cc >&5
configure:2327: $? = 0
configure:2330: test -s conftest.o
configure:2333: $? = 0
configure:2360: g++ -c -g -O2  conftest.cc >&5
configure:2363: $? = 0
configure:2366: test -s conftest.o
configure:2369: $? = 0
configure:2403: checking for style of include used by make
configure:2431: result: GNU
configure:2459: checking dependency style of g++
configure:2527: result: none
configure:2590: checking for gcc
configure:2606: found /usr/bin/gcc
configure:2616: result: gcc
configure:2860: checking for C compiler version
configure:2863: gcc --version </dev/null >&5
gcc (GCC) 4.3.0 20080428 (Red Hat 4.3.0-8)
Copyright (C) 2008 Free Software Foundation, Inc.
This is free software; see the source for copying conditions.  There is NO
warranty; not even for MERCHANTABILITY or FITNESS FOR A PARTICULAR PURPOSE.

configure:2866: $? = 0
configure:2868: gcc -v </dev/null >&5
Using built-in specs.
Target: i386-redhat-linux
Configured with: ../configure --prefix=/usr --mandir=/usr/share/man --infodir=/usr/share/info --with-bugurl=http://bugzilla.redhat.com/bugzilla --enable-bootstrap --enable-shared --enable-threads=posix --enable-checking=release --with-system-zlib --enable-__cxa_atexit --disable-libunwind-exceptions --enable-languages=c,c++,objc,obj-c++,java,fortran,ada --enable-java-awt=gtk --disable-dssi --enable-plugin --with-java-home=/usr/lib/jvm/java-1.5.0-gcj-1.5.0.0/jre --enable-libgcj-multifile --enable-java-maintainer-mode --with-ecj-jar=/usr/share/java/eclipse-ecj.jar --disable-libjava-multilib --with-cpu=generic --build=i386-redhat-linux
Thread model: posix
gcc version 4.3.0 20080428 (Red Hat 4.3.0-8) (GCC) 
configure:2871: $? = 0
configure:2873: gcc -V </dev/null >&5
gcc: '-V' option must have argument
configure:2876: $? = 1
configure:2879: checking whether we are using the GNU C compiler
configure:2904: gcc -c   conftest.c >&5
configure:2907: $? = 0
configure:2910: test -s conftest.o
configure:2913: $? = 0
configure:2926: result: yes
configure:2932: checking whether gcc accepts -g
configure:2954: gcc -c -g  conftest.c >&5
configure:2957: $? = 0
configure:2960: test -s conftest.o
configure:2963: $? = 0
configure:2974: result: yes
configure:2991: checking for gcc option to accept ANSI C
configure:3052: gcc  -c -g -O2  conftest.c >&5
configure:3055: $? = 0
configure:3058: test -s conftest.o
configure:3061: $? = 0
configure:3079: result: none needed
configure:3097: gcc -c -g -O2  conftest.c >&5
conftest.c:2: error: expected '=', ',', ';', 'asm' or '__attribute__' before 'me'
configure:3100: $? = 1
configure: failed program was:
| #ifndef __cplusplus
|   choke me
| #endif
configure:3211: checking dependency style of gcc
configure:3279: result: none
configure:3308: checking for a BSD-compatible install
configure:3362: result: /usr/bin/install -c
configure:3451: checking build system type
configure:3469: result: i686-pc-linux-gnu
configure:3477: checking host system type
configure:3491: result: i686-pc-linux-gnu
configure:3499: checking for a sed that does not truncate output
configure:3553: result: /bin/sed
configure:3556: checking for egrep
configure:3566: result: grep -E
configure:3582: checking for ld used by gcc
configure:3649: result: /usr/bin/ld
configure:3658: checking if the linker (/usr/bin/ld) is GNU ld
configure:3673: result: yes
configure:3678: checking for /usr/bin/ld option to reload object files
configure:3685: result: -r
configure:3694: checking for BSD-compatible nm
configure:3736: result: /usr/bin/nm -B
configure:3740: checking whether ln -s works
configure:3744: result: yes
configure:3751: checking how to recognise dependent libraries
configure:3951: result: pass_all
configure:4155: checking how to run the C preprocessor
configure:4191: gcc -E  conftest.c
configure:4197: $? = 0
configure:4229: gcc -E  conftest.c
configure:4233:28: error: ac_nonexistent.h: No such file or directory
configure:4235: $? = 1
configure: failed program was:
| #line 4220 "configure"
| /* confdefs.h.  */
| 
| #define PACKAGE_NAME ""
| #define PACKAGE_TARNAME ""
| #define PACKAGE_VERSION ""
| #define PACKAGE_STRING ""
| #define PACKAGE_BUGREPORT ""
| #define PACKAGE "prey"
| #define VERSION "1.0"
| #ifdef __cplusplus
| #include <stdlib.h>
| #endif
| /* end confdefs.h.  */
| #include <ac_nonexistent.h>
configure:4273: result: gcc -E
configure:4298: gcc -E  conftest.c
configure:4304: $? = 0
configure:4336: gcc -E  conftest.c
configure:4340:28: error: ac_nonexistent.h: No such file or directory
configure:4342: $? = 1
configure: failed program was:
| #line 4327 "configure"
| /* confdefs.h.  */
| 
| #define PACKAGE_NAME ""
| #define PACKAGE_TARNAME ""
| #define PACKAGE_VERSION ""
| #define PACKAGE_STRING ""
| #define PACKAGE_BUGREPORT ""
| #define PACKAGE "prey"
| #define VERSION "1.0"
| #ifdef __cplusplus
| #include <stdlib.h>
| #endif
| /* end confdefs.h.  */
| #include <ac_nonexistent.h>
configure:4385: checking for ANSI C header files
configure:4411: gcc -c -g -O2  conftest.c >&5
configure:4414: $? = 0
configure:4417: test -s conftest.o
configure:4420: $? = 0
configure:4512: gcc -o conftest -g -O2   conftest.c  >&5
configure: In function 'main':
configure:4510: warning: incompatible implicit declaration of built-in function 'exit'
configure:4515: $? = 0
configure:4517: ./conftest
configure:4520: $? = 0
configure:4535: result: yes
configure:4559: checking for sys/types.h
configure:4576: gcc -c -g -O2  conftest.c >&5
configure:4579: $? = 0
configure:4582: test -s conftest.o
configure:4585: $? = 0
configure:4596: result: yes
configure:4559: checking for sys/stat.h
configure:4576: gcc -c -g -O2  conftest.c >&5
configure:4579: $? = 0
configure:4582: test -s conftest.o
configure:4585: $? = 0
configure:4596: result: yes
configure:4559: checking for stdlib.h
configure:4576: gcc -c -g -O2  conftest.c >&5
configure:4579: $? = 0
configure:4582: test -s conftest.o
configure:4585: $? = 0
configure:4596: result: yes
configure:4559: checking for string.h
configure:4576: gcc -c -g -O2  conftest.c >&5
configure:4579: $? = 0
configure:4582: test -s conftest.o
configure:4585: $? = 0
configure:4596: result: yes
configure:4559: checking for memory.h
configure:4576: gcc -c -g -O2  conftest.c >&5
configure:4579: $? = 0
configure:4582: test -s conftest.o
configure:4585: $? = 0
configure:4596: result: yes
configure:4559: checking for strings.h
configure:4576: gcc -c -g -O2  conftest.c >&5
configure:4579: $? = 0
configure:4582: test -s conftest.o
configure:4585: $? = 0
configure:4596: result: yes
configure:4559: checking for inttypes.h
configure:4576: gcc -c -g -O2  conftest.c >&5
configure:4579: $? = 0
configure:4582: test -s conftest.o
configure:4585: $? = 0
configure:4596: result: yes
configure:4559: checking for stdint.h
configure:4576: gcc -c -g -O2  conftest.c >&5
configure:4579: $? = 0
configure:4582: test -s conftest.o
configure:4585: $? = 0
configure:4596: result: yes
configure:4559: checking for unistd.h
configure:4576: gcc -c -g -O2  conftest.c >&5
configure:4579: $? = 0
configure:4582: test -s conftest.o
configure:4585: $? = 0
configure:4596: result: yes
configure:4622: checking dlfcn.h usability
configure:4635: gcc -c -g -O2  conftest.c >&5
configure:4638: $? = 0
configure:4641: test -s conftest.o
configure:4644: $? = 0
configure:4654: result: yes
configure:4658: checking dlfcn.h presence
configure:4669: gcc -E  conftest.c
configure:4675: $? = 0
configure:4694: result: yes
configure:4730: checking for dlfcn.h
configure:4737: result: yes
configure:4755: checking how to run the C++ preprocessor
configure:4787: g++ -E  conftest.cc
configure:4793: $? = 0
configure:4825: g++ -E  conftest.cc
configure:4840:28: error: ac_nonexistent.h: No such file or directory
configure:4831: $? = 1
configure: failed program was:
| #line 4816 "configure"
| /* confdefs.h.  */
| 
| #define PACKAGE_NAME ""
| #define PACKAGE_TARNAME ""
| #define PACKAGE_VERSION ""
| #define PACKAGE_STRING ""
| #define PACKAGE_BUGREPORT ""
| #define PACKAGE "prey"
| #define VERSION "1.0"
| #ifdef __cplusplus
| #include <stdlib.h>
| #endif
| #define STDC_HEADERS 1
| #define HAVE_SYS_TYPES_H 1
| #define HAVE_SYS_STAT_H 1
| #define HAVE_STDLIB_H 1
| #define HAVE_STRING_H 1
| #define HAVE_MEMORY_H 1
| #define HAVE_STRINGS_H 1
| #define HAVE_INTTYPES_H 1
| #define HAVE_STDINT_H 1
| #define HAVE_UNISTD_H 1
| #define HAVE_DLFCN_H 1
| /* end confdefs.h.  */
| #include <ac_nonexistent.h>
configure:4869: result: g++ -E
configure:4894: g++ -E  conftest.cc
configure:4900: $? = 0
configure:4932: g++ -E  conftest.cc
configure:4947:28: error: ac_nonexistent.h: No such file or directory
configure:4938: $? = 1
configure: failed program was:
| #line 4923 "configure"
| /* confdefs.h.  */
| 
| #define PACKAGE_NAME ""
| #define PACKAGE_TARNAME ""
| #define PACKAGE_VERSION ""
| #define PACKAGE_STRING ""
| #define PACKAGE_BUGREPORT ""
| #define PACKAGE "prey"
| #define VERSION "1.0"
| #ifdef __cplusplus
| #include <stdlib.h>
| #endif
| #define STDC_HEADERS 1
| #define HAVE_SYS_TYPES_H 1
| #define HAVE_SYS_STAT_H 1
| #define HAVE_STDLIB_H 1
| #define HAVE_STRING_H 1
| #define HAVE_MEMORY_H 1
| #define HAVE_STRINGS_H 1
| #define HAVE_INTTYPES_H 1
| #define HAVE_STDINT_H 1
| #define HAVE_UNISTD_H 1
| #define HAVE_DLFCN_H 1
| /* end confdefs.h.  */
| #include <ac_nonexistent.h>
configure:5032: checking for g77
configure:5061: result: no
configure:5032: checking for f77
configure:5061: result: no
configure:5032: checking for xlf
configure:5061: result: no
configure:5032: checking for frt
configure:5061: result: no
configure:5032: checking for pgf77
configure:5061: result: no
configure:5032: checking for fl32
configure:5061: result: no
configure:5032: checking for af77
configure:5061: result: no
configure:5032: checking for fort77
configure:5061: result: no
configure:5032: checking for f90
configure:5061: result: no
configure:5032: checking for xlf90
configure:5061: result: no
configure:5032: checking for pgf90
configure:5061: result: no
configure:5032: checking for epcf90
configure:5061: result: no
configure:5032: checking for f95
configure:5061: result: no
configure:5032: checking for fort
configure:5061: result: no
configure:5032: checking for xlf95
configure:5061: result: no
configure:5032: checking for lf95
configure:5061: result: no
configure:5032: checking for g95
configure:5061: result: no
configure:5073: checking for Fortran 77 compiler version
configure:5076:  --version </dev/null >&5
./configure: line 5077: --version: command not found
configure:5079: $? = 127
configure:5081:  -v </dev/null >&5
./configure: line 5082: -v: command not found
configure:5084: $? = 127
configure:5086:  -V </dev/null >&5
./configure: line 5087: -V: command not found
configure:5089: $? = 127
configure:5096: checking whether we are using the GNU Fortran 77 compiler
configure:5110:  -c  conftest.F >&5
./configure: line 5111: -c: command not found
configure:5113: $? = 127
configure: failed program was:
|       program main
| #ifndef __GNUC__
|        choke me
| #endif
| 
|       end
configure:5132: result: no
configure:5139: checking whether  accepts -g
configure:5151:  -c -g conftest.f >&5
./configure: line 5152: -c: command not found
configure:5154: $? = 127
configure: failed program was:
|       program main
| 
|       end
configure:5172: result: no
configure:5200: checking the maximum length of command line arguments
configure:5259: result: 32768
configure:5270: checking command to parse /usr/bin/nm -B output from gcc object
configure:5359: gcc -c -g -O2  conftest.c >&5
configure:5362: $? = 0
configure:5366: /usr/bin/nm -B conftest.o \| sed -n -e 's/^.*[ 	]\([ABCDGISTW][ABCDGISTW]*\)[ 	][ 	]*\(\)\([_A-Za-z][_A-Za-z0-9]*\)$/\1 \2\3 \3/p' \> conftest.nm
configure:5369: $? = 0
configure:5421: gcc -o conftest -g -O2   conftest.c conftstm.o >&5
configure:5424: $? = 0
configure:5462: result: ok
configure:5466: checking for objdir
configure:5481: result: .libs
configure:5571: checking for ar
configure:5587: found /usr/bin/ar
configure:5598: result: ar
configure:5651: checking for ranlib
configure:5667: found /usr/bin/ranlib
configure:5678: result: ranlib
configure:5731: checking for strip
configure:5747: found /usr/bin/strip
configure:5758: result: strip
configure:6020: checking if gcc static flag  works
configure:6043: result: yes
configure:6060: checking if gcc supports -fno-rtti -fno-exceptions
configure:6078: gcc -c -g -O2  -fno-rtti -fno-exceptions conftest.c >&5
cc1: warning: command line option "-fno-rtti" is valid for C++/ObjC++ but not for C
configure:6082: $? = 0
configure:6093: result: no
configure:6108: checking for gcc option to produce PIC
configure:6285: result: -fPIC
configure:6292: checking if gcc PIC flag -fPIC works
configure:6310: gcc -c -g -O2  -fPIC -DPIC conftest.c >&5
configure:6314: $? = 0
configure:6325: result: yes
configure:6349: checking if gcc supports -c -o file.o
configure:6377: gcc -c -g -O2  -o out/conftest2.o conftest.c >&5
configure:6381: $? = 0
configure:6398: result: yes
configure:6424: checking whether the gcc linker (/usr/bin/ld) supports shared libraries
configure:7218: result: yes
configure:7244: checking whether -lc should be explicitly linked in
configure:7249: gcc -c -g -O2  conftest.c >&5
configure:7252: $? = 0
configure:7266: gcc -shared conftest.o  -v -Wl,-soname -Wl,conftest -o conftest 2\>\&1 \| grep  -lc  \>/dev/null 2\>\&1
configure:7269: $? = 0
configure:7281: result: no
configure:7289: checking how to hardcode library paths into programs
configure:7314: result: immediate
configure:7328: checking whether stripping libraries is possible
configure:7333: result: yes
configure:7355: checking dynamic linker characteristics
configure:7866: result: GNU/Linux ld.so
configure:8592: checking if libtool supports shared libraries
configure:8594: result: yes
configure:8597: checking whether to build shared libraries
configure:8646: result: yes
configure:8649: checking whether to build static libraries
configure:8653: result: yes
configure:8744: creating libtool
configure:9288: checking for ld used by g++
configure:9355: result: /usr/bin/ld
configure:9364: checking if the linker (/usr/bin/ld) is GNU ld
configure:9379: result: yes
configure:9430: checking whether the g++ linker (/usr/bin/ld) supports shared libraries
configure:10225: result: yes
configure:10243: g++ -c -g -O2  conftest.cc >&5
configure:10246: $? = 0
configure:10342: checking for g++ option to produce PIC
configure:10594: result: -fPIC
configure:10601: checking if g++ PIC flag -fPIC works
configure:10619: g++ -c -g -O2  -fPIC -DPIC conftest.cc >&5
configure:10623: $? = 0
configure:10634: result: yes
configure:10658: checking if g++ supports -c -o file.o
configure:10686: g++ -c -g -O2  -o out/conftest2.o conftest.cc >&5
configure:10690: $? = 0
configure:10707: result: yes
configure:10733: checking whether the g++ linker (/usr/bin/ld) supports shared libraries
configure:10758: result: yes
configure:10829: checking how to hardcode library paths into programs
configure:10854: result: immediate
configure:10868: checking whether stripping libraries is possible
configure:10873: result: yes
configure:10895: checking dynamic linker characteristics
configure:11406: result: GNU/Linux ld.so
configure:18275: checking for inet_ntoa in -lnsl
configure:18306: gcc -o conftest -g -O2   conftest.c -lnsl   >&5
configure:18309: $? = 0
configure:18312: test -s conftest
configure:18315: $? = 0
configure:18327: result: yes
configure:18340: checking for pthread_create in -lpthread
configure:18371: gcc -o conftest -g -O2   conftest.c -lpthread  -lnsl  >&5
configure:18374: $? = 0
configure:18377: test -s conftest
configure:18380: $? = 0
configure:18392: result: yes
configure:18405: checking for recvfrom in -lsocket
configure:18436: gcc -o conftest -g -O2   conftest.c -lsocket  -lpthread -lnsl  >&5
/usr/bin/ld: cannot find -lsocket
collect2: ld returned 1 exit status
configure:18439: $? = 1
configure: failed program was:
| #line 18412 "configure"
| /* confdefs.h.  */
| 
| #define PACKAGE_NAME ""
| #define PACKAGE_TARNAME ""
| #define PACKAGE_VERSION ""
| #define PACKAGE_STRING ""
| #define PACKAGE_BUGREPORT ""
| #define PACKAGE "prey"
| #define VERSION "1.0"
| #ifdef __cplusplus
| #include <stdlib.h>
| #endif
| #define STDC_HEADERS 1
| #define HAVE_SYS_TYPES_H 1
| #define HAVE_SYS_STAT_H 1
| #define HAVE_STDLIB_H 1
| #define HAVE_STRING_H 1
| #define HAVE_MEMORY_H 1
| #define HAVE_STRINGS_H 1
| #define HAVE_INTTYPES_H 1
| #define HAVE_STDINT_H 1
| #define HAVE_UNISTD_H 1
| #define HAVE_DLFCN_H 1
| #define HAVE_LIBNSL 1
| #define HAVE_LIBPTHREAD 1
| /* end confdefs.h.  */
| 
| /* Override any gcc2 internal prototype to avoid an error.  */
| #ifdef __cplusplus
| extern "C"
| #endif
| /* We use char because int might match the return type of a gcc2
|    builtin and then its argument prototype would still apply.  */
| char recvfrom ();
| int
| main ()
| {
| recvfrom ();
|   ;
|   return 0;
| }
configure:18457: result: no
configure:18470: checking for ANSI C header files
configure:18620: result: yes
configure:18648: checking arpa/inet.h usability
configure:18661: gcc -c -g -O2  conftest.c >&5
configure:18664: $? = 0
configure:18667: test -s conftest.o
configure:18670: $? = 0
configure:18680: result: yes
configure:18684: checking arpa/inet.h presence
configure:18695: gcc -E  conftest.c
configure:18701: $? = 0
configure:18720: result: yes
configure:18756: checking for arpa/inet.h
configure:18763: result: yes
configure:18648: checking netdb.h usability
configure:18661: gcc -c -g -O2  conftest.c >&5
configure:18664: $? = 0
configure:18667: test -s conftest.o
configure:18670: $? = 0
configure:18680: result: yes
configure:18684: checking netdb.h presence
configure:18695: gcc -E  conftest.c
configure:18701: $? = 0
configure:18720: result: yes
configure:18756: checking for netdb.h
configure:18763: result: yes
configure:18639: checking for stdlib.h
configure:18644: result: yes
configure:18639: checking for string.h
configure:18644: result: yes
configure:18648: checking sys/time.h usability
configure:18661: gcc -c -g -O2  conftest.c >&5
configure:18664: $? = 0
configure:18667: test -s conftest.o
configure:18670: $? = 0
configure:18680: result: yes
configure:18684: checking sys/time.h presence
configure:18695: gcc -E  conftest.c
configure:18701: $? = 0
configure:18720: result: yes
configure:18756: checking for sys/time.h
configure:18763: result: yes
configure:18778: checking for stdbool.h that conforms to C99
configure:18832: gcc -c -g -O2  conftest.c >&5
configure:18835: $? = 0
configure:18838: test -s conftest.o
configure:18841: $? = 0
configure:18852: result: yes
configure:18854: checking for _Bool
configure:18879: gcc -c -g -O2  conftest.c >&5
configure:18882: $? = 0
configure:18885: test -s conftest.o
configure:18888: $? = 0
configure:18899: result: yes
configure:18918: checking for an ANSI C-conforming const
configure:18986: gcc -c -g -O2  conftest.c >&5
configure:18989: $? = 0
configure:18992: test -s conftest.o
configure:18995: $? = 0
configure:19006: result: yes
configure:19016: checking whether time.h and sys/time.h may both be included
configure:19042: gcc -c -g -O2  conftest.c >&5
configure:19045: $? = 0
configure:19048: test -s conftest.o
configure:19051: $? = 0
configure:19062: result: yes
configure:19078: checking for gettimeofday
configure:19128: gcc -o conftest -g -O2   conftest.c -lpthread -lnsl  >&5
configure:19131: $? = 0
configure:19134: test -s conftest
configure:19137: $? = 0
configure:19148: result: yes
configure:19277: creating ./config.status

## ---------------------- ##
## Running config.status. ##
## ---------------------- ##

This file was extended by config.status, which was
generated by GNU Autoconf 2.57.  Invocation command line was

  CONFIG_FILES    = 
  CONFIG_HEADERS  = 
  CONFIG_LINKS    = 
  CONFIG_COMMANDS = 
  $ ./config.status 

on localhost.localdomain

config.status:678: creating Makefile
config.status:678: creating src/Makefile
config.status:782: creating config.h
config.status:913: config.h is unchanged
config.status:1035: executing depfiles commands

## ---------------- ##
## Cache variables. ##
## ---------------- ##

ac_cv_build=i686-pc-linux-gnu
ac_cv_build_alias=i686-pc-linux-gnu
ac_cv_c_compiler_gnu=yes
ac_cv_c_const=yes
ac_cv_cxx_compiler_gnu=yes
ac_cv_env_CC_set=
ac_cv_env_CC_value=
ac_cv_env_CFLAGS_set=
ac_cv_env_CFLAGS_value=
ac_cv_env_CPPFLAGS_set=
ac_cv_env_CPPFLAGS_value=
ac_cv_env_CPP_set=
ac_cv_env_CPP_value=
ac_cv_env_CXXCPP_set=
ac_cv_env_CXXCPP_value=
ac_cv_env_CXXFLAGS_set=
ac_cv_env_CXXFLAGS_value=
ac_cv_env_CXX_set=
ac_cv_env_CXX_value=
ac_cv_env_F77_set=
ac_cv_env_F77_value=
ac_cv_env_FFLAGS_set=
ac_cv_env_FFLAGS_value=
ac_cv_env_LDFLAGS_set=
ac_cv_env_LDFLAGS_value=
ac_cv_env_build_alias_set=
ac_cv_env_build_alias_value=
ac_cv_env_host_alias_set=
ac_cv_env_host_alias_value=
ac_cv_env_target_alias_set=
ac_cv_env_target_alias_value=
ac_cv_exeext=
ac_cv_f77_compiler_gnu=no
ac_cv_func_gettimeofday=yes
ac_cv_header_arpa_inet_h=yes
ac_cv_header_dlfcn_h=yes
ac_cv_header_inttypes_h=yes
ac_cv_header_memory_h=yes
ac_cv_header_netdb_h=yes
ac_cv_header_stdbool_h=yes
ac_cv_header_stdc=yes
ac_cv_header_stdint_h=yes
ac_cv_header_stdlib_h=yes
ac_cv_header_string_h=yes
ac_cv_header_strings_h=yes
ac_cv_header_sys_stat_h=yes
ac_cv_header_sys_time_h=yes
ac_cv_header_sys_types_h=yes
ac_cv_header_time=yes
ac_cv_header_unistd_h=yes
ac_cv_host=i686-pc-linux-gnu
ac_cv_host_alias=i686-pc-linux-gnu
ac_cv_lib_nsl_inet_ntoa=yes
ac_cv_lib_pthread_pthread_create=yes
ac_cv_lib_socket_recvfrom=no
ac_cv_objext=o
ac_cv_path_install='/usr/bin/install -c'
ac_cv_prog_AWK=gawk
ac_cv_prog_CPP='gcc -E'
ac_cv_prog_CXXCPP='g++ -E'
ac_cv_prog_ac_ct_AR=ar
ac_cv_prog_ac_ct_CC=gcc
ac_cv_prog_ac_ct_CXX=g++
ac_cv_prog_ac_ct_RANLIB=ranlib
ac_cv_prog_ac_ct_STRIP=strip
ac_cv_prog_cc_g=yes
ac_cv_prog_cc_stdc=
ac_cv_prog_cxx_g=yes
ac_cv_prog_egrep='grep -E'
ac_cv_prog_f77_g=no
ac_cv_prog_make_make_set=yes
ac_cv_type__Bool=yes
am_cv_CC_dependencies_compiler_type=none
am_cv_CXX_dependencies_compiler_type=none
lt_cv_deplibs_check_method=pass_all
lt_cv_file_magic_cmd='$MAGIC_CMD'
lt_cv_file_magic_test_file='/lib/libc.so.6 /lib/libc-2.8.so'
lt_cv_ld_reload_flag=-r
lt_cv_objdir=.libs
lt_cv_path_LD=/usr/bin/ld
lt_cv_path_LDCXX=/usr/bin/ld
lt_cv_path_NM='/usr/bin/nm -B'
lt_cv_path_SED=/bin/sed
lt_cv_prog_compiler_c_o=yes
lt_cv_prog_compiler_c_o_CXX=yes
lt_cv_prog_compiler_rtti_exceptions=no
lt_cv_prog_gnu_ld=yes
lt_cv_prog_gnu_ldcxx=yes
lt_cv_sys_global_symbol_pipe='sed -n -e '\''s/^.*[ 	]\([ABCDGISTW][ABCDGISTW]*\)[ 	][ 	]*\(\)\([_A-Za-z][_A-Za-z0-9]*\)$/\1 \2\3 \3/p'\'''
lt_cv_sys_global_symbol_to_c_name_address='sed -n -e '\''s/^: \([^ ]*\) $/  {\"\1\", (lt_ptr) 0},/p'\'' -e '\''s/^[BCDEGRST] \([^ ]*\) \([^ ]*\)$/  {"\2", (lt_ptr) \&\2},/p'\'''
lt_cv_sys_global_symbol_to_cdecl='sed -n -e '\''s/^. .* \(.*\)$/extern int \1;/p'\'''
lt_cv_sys_max_cmd_len=32768
lt_lt_cv_prog_compiler_c_o='"yes"'
lt_lt_cv_prog_compiler_c_o_CXX='"yes"'
lt_lt_cv_sys_global_symbol_pipe='"sed -n -e '\''s/^.*[ 	]\\([ABCDGISTW][ABCDGISTW]*\\)[ 	][ 	]*\\(\\)\\([_A-Za-z][_A-Za-z0-9]*\\)\$/\\1 \\2\\3 \\3/p'\''"'
lt_lt_cv_sys_global_symbol_to_c_name_address='"sed -n -e '\''s/^: \\([^ ]*\\) \$/  {\\\"\\1\\\", (lt_ptr) 0},/p'\'' -e '\''s/^[BCDEGRST] \\([^ ]*\\) \\([^ ]*\\)\$/  {\"\\2\", (lt_ptr) \\&\\2},/p'\''"'
lt_lt_cv_sys_global_symbol_to_cdecl='"sed -n -e '\''s/^. .* \\(.*\\)\$/extern int \\1;/p'\''"'

## ----------------- ##
## Output variables. ##
## ----------------- ##

ACLOCAL='${SHELL} /home/poude/src/pursuit_package-0.9/skeletons/missing --run aclocal-1.7'
AMDEPBACKSLASH='\'
AMDEP_FALSE='#'
AMDEP_TRUE=''
AMTAR='${SHELL} /home/poude/src/pursuit_package-0.9/skeletons/missing --run tar'
AR='ar'
AUTOCONF='${SHELL} /home/poude/src/pursuit_package-0.9/skeletons/missing --run autoconf'
AUTOHEADER='${SHELL} /home/poude/src/pursuit_package-0.9/skeletons/missing --run autoheader'
AUTOMAKE='${SHELL} /home/poude/src/pursuit_package-0.9/skeletons/missing --run automake-1.7'
AWK='gawk'
CC='gcc'
CCDEPMODE='depmode=none'
CFLAGS='-g -O2'
CPP='gcc -E'
CPPFLAGS=''
CXX='g++'
CXXCPP='g++ -E'
CXXDEPMODE='depmode=none'
CXXFLAGS='-g -O2'
CYGPATH_W='echo'
DEFS='-DHAVE_CONFIG_H'
DEPDIR='.deps'
ECHO='echo'
ECHO_C=''
ECHO_N='-n'
ECHO_T=''
EGREP='grep -E'
EXEEXT=''
F77=''
FFLAGS=''
INSTALL_DATA='${INSTALL} -m 644'
INSTALL_PROGRAM='${INSTALL}'
INSTALL_SCRIPT='${INSTALL}'
INSTALL_STRIP_PROGRAM='${SHELL} $(install_sh) -c -s'
LDFLAGS=''
LIBOBJS=''
LIBS='-lpthread -lnsl '
LIBTOOL='$(SHELL) $(top_builddir)/libtool'
LN_S='ln -s'
LTLIBOBJS=''
MAKEINFO='${SHELL} /home/poude/src/pursuit_package-0.9/skeletons/missing --run makeinfo'
OBJEXT='o'
PACKAGE='prey'
PACKAGE_BUGREPORT=''
PACKAGE_NAME=''
PACKAGE_STRING=''
PACKAGE_TARNAME=''
PACKAGE_VERSION=''
PATH_SEPARATOR=':'
RANLIB='ranlib'
SET_MAKE=''
SHELL='/bin/sh'
STRIP='strip'
VERSION='1.0'
ac_ct_AR='ar'
ac_ct_CC='gcc'
ac_ct_CXX='g++'
ac_ct_F77=''
ac_ct_RANLIB='ranlib'
ac_ct_STRIP='strip'
am__fastdepCC_FALSE=''
am__fastdepCC_TRUE='#'
am__fastdepCXX_FALSE=''
am__fastdepCXX_TRUE='#'
am__include='include'
am__leading_dot='.'
am__quote=''
bindir='${exec_prefix}/bin'
build='i686-pc-linux-gnu'
build_alias=''
build_cpu='i686'
build_os='linux-gnu'
build_vendor='pc'
datadir='${prefix}/share'
exec_prefix='${prefix}'
host='i686-pc-linux-gnu'
host_alias=''
host_cpu='i686'
host_os='linux-gnu'
host_vendor='pc'
includedir='${prefix}/include'
infodir='${prefix}/info'
install_sh='/home/poude/src/pursuit_package-0.9/skeletons/install-sh'
libdir='${exec_prefix}/lib'
libexecdir='${exec_prefix}/libexec'
localstatedir='${prefix}/var'
mandir='${prefix}/man'
oldincludedir='/usr/include'
prefix='/usr/local'
program_transform_name='s,x,x,'
sbindir='${exec_prefix}/sbin'
sharedstatedir='${prefix}/com'
sysconfdir='${prefix}/etc'
target_alias=''

## ----------- ##
## confdefs.h. ##
## ----------- ##

#define HAVE_ARPA_INET_H 1
#define HAVE_DLFCN_H 1
#define HAVE_GETTIMEOFDAY 1
#define HAVE_INTTYPES_H 1
#define HAVE_LIBNSL 1
#define HAVE_LIBPTHREAD 1
#define HAVE_MEMORY_H 1
#define HAVE_NETDB_H 1
#define HAVE_STDBOOL_H 1
#define HAVE_STDINT_H 1
#define HAVE_STDLIB_H 1
#define HAVE_STDLIB_H 1
#define HAVE_STRINGS_H 1
#define HAVE_STRING_H 1
#define HAVE_STRING_H 1
#define HAVE_SYS_STAT_H 1
#define HAVE_SYS_TIME_H 1
#define HAVE_SYS_TYPES_H 1
#define HAVE_UNISTD_H 1
#define HAVE__BOOL 1
#define PACKAGE "prey"
#define PACKAGE_BUGREPORT ""
#define PACKAGE_NAME ""
#define PACKAGE_STRING ""
#define PACKAGE_TARNAME ""
#define PACKAGE_VERSION ""
#define STDC_HEADERS 1
#define STDC_HEADERS 1
#define TIME_WITH_SYS_TIME 1
#define VERSION "1.0"
#endif
#ifdef __cplusplus
#include <stdlib.h>

configure: exit 0
